11/11/2022 04:19:33 PM WDM INFO:====== WebDriver manager ======
11/11/2022 04:19:33 PM WDM INFO:Get LATEST chromedriver version for google-chrome 106.0.5249
11/11/2022 04:19:33 PM WDM INFO:Driver [/home/longdt/.wdm/drivers/chromedriver/linux64/106.0.5249/chromedriver] found in cache
11/11/2022 04:19:34 PM root INFO:Test_006_frequent_failures_on_landing_page
11/11/2022 04:19:34 PM root INFO:Verify broken images on Elevate Self Paced page
11/11/2022 04:19:38 PM root INFO:Verify accordions are displayed
11/11/2022 04:19:38 PM root INFO:Element //a[text() ="MODULE 1: INTRODUCTION TO CUSTOMER EXPERIENCE (CX)"] is present.
11/11/2022 04:19:38 PM root INFO:Element //p//span[contains(text(),"Familiarise yourself with the background, core concepts, terminology, and applications of CX.")] is present.
11/11/2022 04:19:38 PM root INFO:Element //li//span[contains(text(),"Introduction to Human-Centred Design (HCD)")] is present.
11/11/2022 04:19:38 PM root INFO:Element //li//span[contains(text(),"The difference between CX, Service Design (SD), User Experience (UX), marketing and project management")] is present.
11/11/2022 04:19:38 PM root INFO:Element //li//span[contains(text(),"The impact, roles and 10 principles of great CX")] is present.
11/11/2022 04:19:38 PM root INFO:Element //a[text() ="MODULE 2: CUSTOMER EXPERIENCE (CX) RESEARCH"] is present.
11/11/2022 04:19:38 PM root INFO:Element //p//span[contains(text(),"Learn how to bring the voice of the customer into a business with research techniques and how to:")] is present.
11/11/2022 04:19:38 PM root INFO:Element //li//span[contains(text(),"Conduct consumer interviews and surveys")] is present.
11/11/2022 04:19:38 PM root INFO:Element //li//span[contains(text(),"Read, make sense of and apply data")] is present.
11/11/2022 04:19:38 PM root INFO:Element //li//span[contains(text(),"Conduct effective desktop research")] is present.
11/11/2022 04:19:38 PM root INFO:Element //li//span[contains(text(),"Know which technique to deploy and when")] is present.
11/11/2022 04:19:39 PM root INFO:Element //a[text() ="MODULE 3: CUSTOMER INSIGHTS AND DATA STORYTELLING"] is present.
11/11/2022 04:19:39 PM root INFO:Element //p//span[contains(text(),"Explore the importance of storytelling with data and the role of data in developing insights, learning how to:")] is present.
11/11/2022 04:19:39 PM root INFO:Element //li//span[contains(text(),"Extract insights from data")] is present.
11/11/2022 04:19:39 PM root INFO:Element //li//span[contains(text(),"Present your insights to stakeholders")] is present.
11/11/2022 04:19:39 PM root INFO:Element //li//span[contains(text(),"Distribute insights to an organisation")] is present.
11/11/2022 04:19:39 PM root INFO:Element //a[text() ="MODULE 4: CUSTOMER SEGMENTATION"] is present.
11/11/2022 04:19:39 PM root INFO:Element //p//span[contains(text(),"Learn about segmenting customers in a way that allows you to serve their different needs and validate your insights.")] is present.
11/11/2022 04:19:39 PM root INFO:Element //li//span[contains(text(),"Introduction to segmentation")] is present.
11/11/2022 04:19:39 PM root INFO:Element //li//span[contains(text(),"Psychographic segmentation")] is present.
11/11/2022 04:19:39 PM root INFO:Element //li//span[contains(text(),"Who are your customers and what do they want?")] is present.
11/11/2022 04:19:39 PM root INFO:Element //li//span[contains(text(),"How to validate your insights")] is present.
11/11/2022 04:19:39 PM root INFO:Element //li//span[contains(text(),"How to apply your segmentation")] is present.
11/11/2022 04:19:39 PM root INFO:Element //a[text() ="MODULE 5: STAKEHOLDER ENGAGEMENT"] is present.
11/11/2022 04:19:39 PM root INFO:Element //p//span[contains(text(),"Explore the role of CX in an organisation and the stakeholders involved.")] is present.
11/11/2022 04:19:39 PM root INFO:Element //li//span[contains(text(),"CX and stakeholder engagement")] is present.
11/11/2022 04:19:39 PM root INFO:Element //li//span[contains(text(),"The role of CX in an organisation")] is present.
11/11/2022 04:19:39 PM root INFO:Element //li//span[contains(text(),"Understand and align with an organisation’s vision")] is present.
11/11/2022 04:19:39 PM root INFO:Element //li//span[contains(text(),"Learn how to overcome operational restrictions")] is present.
11/11/2022 04:19:39 PM root INFO:Element //a[text() ="MODULE 6: CUSTOMER JOURNEY ANALYSIS"] is present.
11/11/2022 04:19:39 PM root INFO:Element //p//span[contains(text(),"Explore the customer journey, learning how to define and draw insights from it.")] is present.
11/11/2022 04:19:39 PM root INFO:Element //li//span[contains(text(),"What is a customer journey?")] is present.
11/11/2022 04:19:39 PM root INFO:Element //li//span[contains(text(),"The role of Service Design (SD) in journey mapping")] is present.
11/11/2022 04:19:39 PM root INFO:Element //li//span[contains(text(),"How to map a customer journey and extract key insights")] is present.
11/11/2022 04:19:39 PM root INFO:Element //li//span[contains(text(),"Introduction to journey metrics")] is present.
11/11/2022 04:19:39 PM root INFO:Element //a[text() ="MODULE 7: CUSTOMER EXPERIENCE (CX) STRATEGY"] is present.
11/11/2022 04:19:39 PM root INFO:Element //p//span[contains(text(),"Learn the key requirements and gain all the tools you need to develop your own CX strategy, making impactful CX decisions.")] is present.
11/11/2022 04:19:39 PM root INFO:Element //li//span[contains(text(),"How to write a CX strategy")] is present.
11/11/2022 04:19:39 PM root INFO:Element //li//span[contains(text(),"Presenting your CX strategy")] is present.
11/11/2022 04:19:39 PM root INFO:Element //li//span[contains(text(),"Measuring your CX strategy")] is present.
11/11/2022 04:19:39 PM root INFO:Element //li//span[contains(text(),"Creating an minimum viable product (MVP) CX strategy")] is present.
11/11/2022 04:19:39 PM root INFO:Element //a[text() ="MODULE 8: CUSTOMER JOURNEY OPTIMISATION"] is present.
11/11/2022 04:19:39 PM root INFO:Element //p//span[contains(text(),"Learn how to optimise your customer journey, ensuring it delivers desired outcomes by applying design thinking techniques.")] is present.
11/11/2022 04:19:39 PM root INFO:Element //li//span[contains(text(),"How to prioritise optimisations")] is present.
11/11/2022 04:19:39 PM root INFO:Element //li//span[contains(text(),"Applying design thinking to customer journeys")] is present.
11/11/2022 04:19:39 PM root INFO:Element //li//span[contains(text(),"Defining the challenge")] is present.
11/11/2022 04:19:39 PM root INFO:Element //li//span[contains(text(),"Generating, testing and implementing solutions")] is present.
11/11/2022 04:19:39 PM root INFO:Element //a[text() ="MODULE 9: CUSTOMER EXPERIENCE (CX) PROGRAM ROLLOUT"] is present.
11/11/2022 04:19:39 PM root INFO:Element //p//span[contains(text(),"Learn how to implement your CX strategy by converting it into an actionable program working with all the relevant stakeholders.")] is present.
11/11/2022 04:19:40 PM root INFO:Element //li//span[contains(text(),"Creating a CX program rollout plan")] is present.
11/11/2022 04:19:40 PM root INFO:Element //li//span[contains(text(),"Designing rollout training and support")] is present.
11/11/2022 04:19:40 PM root INFO:Element //li//span[contains(text(),"How to ensure effective communications to support rollout")] is present.
11/11/2022 04:19:40 PM root INFO:Element //li//span[contains(text(),"The use of technology in a rollout")] is present.
11/11/2022 04:19:40 PM root INFO:Element //a[text() ="MODULE 10: CUSTOMER EXPERIENCE (CX) MEASUREMENT"] is present.
11/11/2022 04:19:40 PM root INFO:Element //p//span[contains(text(),"Understand customer metrics, their role in measuring overall CX and the technology involved.")] is present.
11/11/2022 04:19:40 PM root INFO:Element //li//span[contains(text(),"Benefits of NPS, CSAT and CES and when to use them")] is present.
11/11/2022 04:19:40 PM root INFO:Element //li//span[contains(text(),"Custom metrics")] is present.
11/11/2022 04:19:40 PM root INFO:Element //li//span[contains(text(),"CX measurement technology")] is present.
11/11/2022 04:19:40 PM root INFO:Element //li//span[contains(text(),"Calculating the ROI of CX")] is present.
